Analysis & Elaboration report for KeyScanner
Thu Feb 27 19:51:39 2025
Quartus Prime Version 19.1.0 Build 670 09/22/2019 SJ Lite Edition


---------------------
; Table of Contents ;
---------------------
  1. Legal Notice
  2. Analysis & Elaboration Summary
  3. Parallel Compilation
  4. Analysis & Elaboration Settings
  5. Port Connectivity Checks: "Reg2:REG2_inst"
  6. Port Connectivity Checks: "Counter:Counter_inst|Reg2:REG2_inst"
  7. Port Connectivity Checks: "Counter:Counter_inst|ADDER2:ADDER2_inst"
  8. Analysis & Elaboration Messages



----------------
; Legal Notice ;
----------------
Copyright (C) 2019  Intel Corporation. All rights reserved.
Your use of Intel Corporation's design tools, logic functions 
and other software and tools, and any partner logic 
functions, and any output files from any of the foregoing 
(including device programming or simulation files), and any 
associated documentation or information are expressly subject 
to the terms and conditions of the Intel Program License 
Subscription Agreement, the Intel Quartus Prime License Agreement,
the Intel FPGA IP License Agreement, or other applicable license
agreement, including, without limitation, that your use is for
the sole purpose of programming logic devices manufactured by
Intel and sold by Intel or its authorized distributors.  Please
refer to the applicable agreement for further details, at
https://fpgasoftware.intel.com/eula.



+----------------------------------------------------------------------------------+
; Analysis & Elaboration Summary                                                   ;
+------------------------------------+---------------------------------------------+
; Analysis & Elaboration Status      ; Successful - Thu Feb 27 19:51:39 2025       ;
; Quartus Prime Version              ; 19.1.0 Build 670 09/22/2019 SJ Lite Edition ;
; Revision Name                      ; KeyScanner                                  ;
; Top-level Entity Name              ; KeyScan                                     ;
; Family                             ; MAX 10                                      ;
; Total logic elements               ; N/A until Partition Merge                   ;
;     Total combinational functions  ; N/A until Partition Merge                   ;
;     Dedicated logic registers      ; N/A until Partition Merge                   ;
; Total registers                    ; N/A until Partition Merge                   ;
; Total pins                         ; N/A until Partition Merge                   ;
; Total virtual pins                 ; N/A until Partition Merge                   ;
; Total memory bits                  ; N/A until Partition Merge                   ;
; Embedded Multiplier 9-bit elements ; N/A until Partition Merge                   ;
; Total PLLs                         ; N/A until Partition Merge                   ;
; UFM blocks                         ; N/A until Partition Merge                   ;
; ADC blocks                         ; N/A until Partition Merge                   ;
+------------------------------------+---------------------------------------------+


+------------------------------------------+
; Parallel Compilation                     ;
+----------------------------+-------------+
; Processors                 ; Number      ;
+----------------------------+-------------+
; Number detected on machine ; 16          ;
; Maximum allowed            ; 16          ;
;                            ;             ;
; Average used               ; 1.00        ;
; Maximum used               ; 1           ;
;                            ;             ;
; Usage by Processor         ; % Time Used ;
;     Processor 1            ; 100.0%      ;
+----------------------------+-------------+


+------------------------------------------------------------------------------------------------------------+
; Analysis & Elaboration Settings                                                                            ;
+------------------------------------------------------------------+--------------------+--------------------+
; Option                                                           ; Setting            ; Default Value      ;
+------------------------------------------------------------------+--------------------+--------------------+
; Device                                                           ; 10M50DAF484C6GES   ;                    ;
; Top-level entity name                                            ; KeyScan            ; KeyScanner         ;
; Family name                                                      ; MAX 10             ; Cyclone V          ;
; Use smart compilation                                            ; Off                ; Off                ;
; Enable parallel Assembler and Timing Analyzer during compilation ; On                 ; On                 ;
; Enable compact report table                                      ; Off                ; Off                ;
; Restructure Multiplexers                                         ; Auto               ; Auto               ;
; Create Debugging Nodes for IP Cores                              ; Off                ; Off                ;
; Preserve fewer node names                                        ; On                 ; On                 ;
; Intel FPGA IP Evaluation Mode                                    ; Enable             ; Enable             ;
; Verilog Version                                                  ; Verilog_2001       ; Verilog_2001       ;
; VHDL Version                                                     ; VHDL_1993          ; VHDL_1993          ;
; State Machine Processing                                         ; Auto               ; Auto               ;
; Safe State Machine                                               ; Off                ; Off                ;
; Extract Verilog State Machines                                   ; On                 ; On                 ;
; Extract VHDL State Machines                                      ; On                 ; On                 ;
; Ignore Verilog initial constructs                                ; Off                ; Off                ;
; Iteration limit for constant Verilog loops                       ; 5000               ; 5000               ;
; Iteration limit for non-constant Verilog loops                   ; 250                ; 250                ;
; Add Pass-Through Logic to Inferred RAMs                          ; On                 ; On                 ;
; Infer RAMs from Raw Logic                                        ; On                 ; On                 ;
; Parallel Synthesis                                               ; On                 ; On                 ;
; DSP Block Balancing                                              ; Auto               ; Auto               ;
; NOT Gate Push-Back                                               ; On                 ; On                 ;
; Power-Up Don't Care                                              ; On                 ; On                 ;
; Remove Redundant Logic Cells                                     ; Off                ; Off                ;
; Remove Duplicate Registers                                       ; On                 ; On                 ;
; Ignore CARRY Buffers                                             ; Off                ; Off                ;
; Ignore CASCADE Buffers                                           ; Off                ; Off                ;
; Ignore GLOBAL Buffers                                            ; Off                ; Off                ;
; Ignore ROW GLOBAL Buffers                                        ; Off                ; Off                ;
; Ignore LCELL Buffers                                             ; Off                ; Off                ;
; Ignore SOFT Buffers                                              ; On                 ; On                 ;
; Limit AHDL Integers to 32 Bits                                   ; Off                ; Off                ;
; Optimization Technique                                           ; Balanced           ; Balanced           ;
; Carry Chain Length                                               ; 70                 ; 70                 ;
; Auto Carry Chains                                                ; On                 ; On                 ;
; Auto Open-Drain Pins                                             ; On                 ; On                 ;
; Perform WYSIWYG Primitive Resynthesis                            ; Off                ; Off                ;
; Auto ROM Replacement                                             ; On                 ; On                 ;
; Auto RAM Replacement                                             ; On                 ; On                 ;
; Auto DSP Block Replacement                                       ; On                 ; On                 ;
; Auto Shift Register Replacement                                  ; Auto               ; Auto               ;
; Allow Shift Register Merging across Hierarchies                  ; Auto               ; Auto               ;
; Auto Clock Enable Replacement                                    ; On                 ; On                 ;
; Strict RAM Replacement                                           ; Off                ; Off                ;
; Allow Synchronous Control Signals                                ; On                 ; On                 ;
; Force Use of Synchronous Clear Signals                           ; Off                ; Off                ;
; Auto RAM Block Balancing                                         ; On                 ; On                 ;
; Auto RAM to Logic Cell Conversion                                ; Off                ; Off                ;
; Auto Resource Sharing                                            ; Off                ; Off                ;
; Allow Any RAM Size For Recognition                               ; Off                ; Off                ;
; Allow Any ROM Size For Recognition                               ; Off                ; Off                ;
; Allow Any Shift Register Size For Recognition                    ; Off                ; Off                ;
; Use LogicLock Constraints during Resource Balancing              ; On                 ; On                 ;
; Ignore translate_off and synthesis_off directives                ; Off                ; Off                ;
; Timing-Driven Synthesis                                          ; On                 ; On                 ;
; Report Parameter Settings                                        ; On                 ; On                 ;
; Report Source Assignments                                        ; On                 ; On                 ;
; Report Connectivity Checks                                       ; On                 ; On                 ;
; Ignore Maximum Fan-Out Assignments                               ; Off                ; Off                ;
; Synchronization Register Chain Length                            ; 2                  ; 2                  ;
; Power Optimization During Synthesis                              ; Normal compilation ; Normal compilation ;
; HDL message level                                                ; Level2             ; Level2             ;
; Suppress Register Optimization Related Messages                  ; Off                ; Off                ;
; Number of Removed Registers Reported in Synthesis Report         ; 5000               ; 5000               ;
; Number of Swept Nodes Reported in Synthesis Report               ; 5000               ; 5000               ;
; Number of Inverted Registers Reported in Synthesis Report        ; 100                ; 100                ;
; Clock MUX Protection                                             ; On                 ; On                 ;
; Auto Gated Clock Conversion                                      ; Off                ; Off                ;
; Block Design Naming                                              ; Auto               ; Auto               ;
; SDC constraint protection                                        ; Off                ; Off                ;
; Synthesis Effort                                                 ; Auto               ; Auto               ;
; Shift Register Replacement - Allow Asynchronous Clear Signal     ; On                 ; On                 ;
; Pre-Mapping Resynthesis Optimization                             ; Off                ; Off                ;
; Analysis & Synthesis Message Level                               ; Medium             ; Medium             ;
; Disable Register Merging Across Hierarchies                      ; Auto               ; Auto               ;
; Resource Aware Inference For Block RAM                           ; On                 ; On                 ;
+------------------------------------------------------------------+--------------------+--------------------+


+--------------------------------------------+
; Port Connectivity Checks: "Reg2:REG2_inst" ;
+------+-------+----------+------------------+
; Port ; Type  ; Severity ; Details          ;
+------+-------+----------+------------------+
; set  ; Input ; Info     ; Stuck at VCC     ;
; en   ; Input ; Info     ; Stuck at VCC     ;
+------+-------+----------+------------------+


+-----------------------------------------------------------------+
; Port Connectivity Checks: "Counter:Counter_inst|Reg2:REG2_inst" ;
+------+-------+----------+---------------------------------------+
; Port ; Type  ; Severity ; Details                               ;
+------+-------+----------+---------------------------------------+
; set  ; Input ; Info     ; Stuck at VCC                          ;
+------+-------+----------+---------------------------------------+


+----------------------------------------------------------------------------------------------------------------+
; Port Connectivity Checks: "Counter:Counter_inst|ADDER2:ADDER2_inst"                                            ;
+------+--------+----------+-------------------------------------------------------------------------------------+
; Port ; Type   ; Severity ; Details                                                                             ;
+------+--------+----------+-------------------------------------------------------------------------------------+
; a[1] ; Input  ; Info     ; Stuck at GND                                                                        ;
; a[0] ; Input  ; Info     ; Stuck at VCC                                                                        ;
; cin  ; Input  ; Info     ; Stuck at GND                                                                        ;
; cout ; Output ; Info     ; Connected to dangling logic. Logic that only feeds a dangling port will be removed. ;
+------+--------+----------+-------------------------------------------------------------------------------------+


+---------------------------------+
; Analysis & Elaboration Messages ;
+---------------------------------+
Info: *******************************************************************
Info: Running Quartus Prime Analysis & Elaboration
    Info: Version 19.1.0 Build 670 09/22/2019 SJ Lite Edition
    Info: Processing started: Thu Feb 27 19:51:32 2025
Info: Command: quartus_map --read_settings_files=on --write_settings_files=off KeyScanner -c KeyScanner --analysis_and_elaboration
Warning (18236): Number of processors has not been specified which may cause overloading on shared machines.  Set the global assignment NUM_PARALLEL_PROCESSORS in your QSF to an appropriate value for best performance.
Info (20030): Parallel compilation is enabled and will use 16 of the 16 processors detected
Info (12021): Found 2 design units, including 1 entities, in source file keyscan.vhd
    Info (12022): Found design unit 1: KeyScan-arch_KeyScan File: D:/1-ISEL/Semestre 2/LIC/Roulette Game/Hardware/KeyDecode/KeyScanner/KeyScan.vhd Line: 16
    Info (12023): Found entity 1: KeyScan File: D:/1-ISEL/Semestre 2/LIC/Roulette Game/Hardware/KeyDecode/KeyScanner/KeyScan.vhd Line: 4
Info (12021): Found 2 design units, including 1 entities, in source file counter/reg2.vhd
    Info (12022): Found design unit 1: Reg2-arc_reg2 File: D:/1-ISEL/Semestre 2/LIC/Roulette Game/Hardware/KeyDecode/KeyScanner/Counter/Reg2.vhd Line: 15
    Info (12023): Found entity 1: Reg2 File: D:/1-ISEL/Semestre 2/LIC/Roulette Game/Hardware/KeyDecode/KeyScanner/Counter/Reg2.vhd Line: 4
Info (12021): Found 2 design units, including 1 entities, in source file counter/fulladder.vhd
    Info (12022): Found design unit 1: FULLADDER-logicfulladder File: D:/1-ISEL/Semestre 2/LIC/Roulette Game/Hardware/KeyDecode/KeyScanner/Counter/FULLADDER.vhd Line: 14
    Info (12023): Found entity 1: FULLADDER File: D:/1-ISEL/Semestre 2/LIC/Roulette Game/Hardware/KeyDecode/KeyScanner/Counter/FULLADDER.vhd Line: 4
Info (12021): Found 2 design units, including 1 entities, in source file counter/ffd.vhd
    Info (12022): Found design unit 1: FFD-logicFunction File: D:/1-ISEL/Semestre 2/LIC/Roulette Game/Hardware/KeyDecode/KeyScanner/Counter/FFD.vhd Line: 15
    Info (12023): Found entity 1: FFD File: D:/1-ISEL/Semestre 2/LIC/Roulette Game/Hardware/KeyDecode/KeyScanner/Counter/FFD.vhd Line: 4
Info (12021): Found 2 design units, including 1 entities, in source file counter/counter.vhd
    Info (12022): Found design unit 1: Counter-arc_counter File: D:/1-ISEL/Semestre 2/LIC/Roulette Game/Hardware/KeyDecode/KeyScanner/Counter/Counter.vhd Line: 13
    Info (12023): Found entity 1: Counter File: D:/1-ISEL/Semestre 2/LIC/Roulette Game/Hardware/KeyDecode/KeyScanner/Counter/Counter.vhd Line: 4
Info (12021): Found 2 design units, including 1 entities, in source file counter/adder4.vhd
    Info (12022): Found design unit 1: ADDER2-arch_adder File: D:/1-ISEL/Semestre 2/LIC/Roulette Game/Hardware/KeyDecode/KeyScanner/Counter/ADDER4.vhd Line: 14
    Info (12023): Found entity 1: ADDER2 File: D:/1-ISEL/Semestre 2/LIC/Roulette Game/Hardware/KeyDecode/KeyScanner/Counter/ADDER4.vhd Line: 4
Info (12021): Found 2 design units, including 1 entities, in source file penc.vhd
    Info (12022): Found design unit 1: PENC-arc_penc File: D:/1-ISEL/Semestre 2/LIC/Roulette Game/Hardware/KeyDecode/KeyScanner/PENC.vhd Line: 12
    Info (12023): Found entity 1: PENC File: D:/1-ISEL/Semestre 2/LIC/Roulette Game/Hardware/KeyDecode/KeyScanner/PENC.vhd Line: 4
Info (12021): Found 2 design units, including 1 entities, in source file decoder.vhd
    Info (12022): Found design unit 1: DECODER-arch_decoder File: D:/1-ISEL/Semestre 2/LIC/Roulette Game/Hardware/KeyDecode/KeyScanner/Decoder.vhd Line: 11
    Info (12023): Found entity 1: DECODER File: D:/1-ISEL/Semestre 2/LIC/Roulette Game/Hardware/KeyDecode/KeyScanner/Decoder.vhd Line: 4
Info (12127): Elaborating entity "KeyScan" for the top level hierarchy
Info (12128): Elaborating entity "Counter" for hierarchy "Counter:Counter_inst" File: D:/1-ISEL/Semestre 2/LIC/Roulette Game/Hardware/KeyDecode/KeyScanner/KeyScan.vhd Line: 59
Info (12128): Elaborating entity "ADDER2" for hierarchy "Counter:Counter_inst|ADDER2:ADDER2_inst" File: D:/1-ISEL/Semestre 2/LIC/Roulette Game/Hardware/KeyDecode/KeyScanner/Counter/Counter.vhd Line: 40
Info (12128): Elaborating entity "FULLADDER" for hierarchy "Counter:Counter_inst|ADDER2:ADDER2_inst|FULLADDER:FA0" File: D:/1-ISEL/Semestre 2/LIC/Roulette Game/Hardware/KeyDecode/KeyScanner/Counter/ADDER4.vhd Line: 28
Info (12128): Elaborating entity "Reg2" for hierarchy "Counter:Counter_inst|Reg2:REG2_inst" File: D:/1-ISEL/Semestre 2/LIC/Roulette Game/Hardware/KeyDecode/KeyScanner/Counter/Counter.vhd Line: 48
Info (12128): Elaborating entity "FFD" for hierarchy "Counter:Counter_inst|Reg2:REG2_inst|FFD:UFFD9" File: D:/1-ISEL/Semestre 2/LIC/Roulette Game/Hardware/KeyDecode/KeyScanner/Counter/Reg2.vhd Line: 29
Info (12128): Elaborating entity "DECODER" for hierarchy "DECODER:Decoder_inst" File: D:/1-ISEL/Semestre 2/LIC/Roulette Game/Hardware/KeyDecode/KeyScanner/KeyScan.vhd Line: 76
Info (12128): Elaborating entity "PENC" for hierarchy "PENC:PENC_inst" File: D:/1-ISEL/Semestre 2/LIC/Roulette Game/Hardware/KeyDecode/KeyScanner/KeyScan.vhd Line: 81
Info: Quartus Prime Analysis & Elaboration was successful. 0 errors, 1 warning
    Info: Peak virtual memory: 4775 megabytes
    Info: Processing ended: Thu Feb 27 19:51:39 2025
    Info: Elapsed time: 00:00:07
    Info: Total CPU time (on all processors): 00:00:14


